This file contains any messages produced by compilers while
running configure, to aid debugging if configure makes a mistake.

It was created by ImageMagick configure 6.8.9-6, which was
generated by GNU Autoconf 2.69.  Invocation command line was

  $ ./configure 

## --------- ##
## Platform. ##
## --------- ##

hostname = mahjouri-dogsitter-929421
uname -m = x86_64
uname -r = 3.14.12-c9
uname -s = Linux
uname -v = #1 SMP Tue Jul 15 16:27:48 UTC 2014

/usr/bin/uname -p = unknown
/bin/uname -X     = unknown

/bin/arch              = unknown
/usr/bin/arch -k       = unknown
/usr/convex/getsysinfo = unknown
/usr/bin/hostinfo      = unknown
/bin/machine           = unknown
/usr/bin/oslevel       = unknown
/bin/universe          = unknown

PATH: /home/ubuntu/.nvm/v0.10.26/bin
PATH: /usr/local/rvm/gems/ruby-2.1.1@rails4/bin
PATH: /usr/local/rvm/gems/ruby-2.1.1@global/bin
PATH: /usr/local/rvm/rubies/ruby-2.1.1/bin
PATH: /mnt/shared/bin
PATH: /home/ubuntu/workspace/node_modules/.bin
PATH: /home/ubuntu/bin
PATH: /usr/local/sbin
PATH: /usr/local/bin
PATH: /usr/sbin
PATH: /usr/bin
PATH: /sbin
PATH: /bin
PATH: /bin/mnt/shared/sbin
PATH: /opt/gitl
PATH: /opt/go/bin
PATH: /mnt/shared/c9/app.nw/bin
PATH: /usr/local/rvm/bin


## ----------- ##
## Core tests. ##
## ----------- ##

configure:3550: checking build system type
configure:3564: result: x86_64-unknown-linux-gnu
configure:3584: checking host system type
configure:3597: result: x86_64-unknown-linux-gnu
configure:3617: checking target system type
configure:3630: result: x86_64-unknown-linux-gnu
configure:3714: checking whether build environment is sane
configure:3769: result: yes
configure:3798: checking for a BSD-compatible install
configure:3866: result: /usr/bin/install -c
configure:4016: checking for a thread-safe mkdir -p
configure:4055: result: /bin/mkdir -p
configure:4062: checking for gawk
configure:4078: found /usr/bin/gawk
configure:4089: result: gawk
configure:4100: checking whether make sets $(MAKE)
configure:4122: result: yes
configure:4151: checking whether make supports nested variables
configure:4168: result: yes
configure:4306: checking whether make supports nested variables
configure:4323: result: yes
configure:4488: checking for style of include used by make
configure:4516: result: GNU
configure:4587: checking for gcc
configure:4603: found /usr/local/bin/gcc
configure:4614: result: gcc
configure:4843: checking for C compiler version
configure:4852: gcc --version >&5
gcc (GCC) 4.8.1
Copyright (C) 2013 Free Software Foundation, Inc.
This is free software; see the source for copying conditions.  There is NO
warranty; not even for MERCHANTABILITY or FITNESS FOR A PARTICULAR PURPOSE.

configure:4863: $? = 0
configure:4852: gcc -v >&5
Using built-in specs.
COLLECT_GCC=gcc
COLLECT_LTO_WRAPPER=/usr/local/libexec/gcc/x86_64-unknown-linux-gnu/4.8.1/lto-wrapper
Target: x86_64-unknown-linux-gnu
Configured with: ./configure --enable-languages=c,c++
Thread model: posix
gcc version 4.8.1 (GCC) 
configure:4863: $? = 0
configure:4852: gcc -V >&5
gcc: error: unrecognized command line option '-V'
gcc: fatal error: no input files
compilation terminated.
configure:4863: $? = 1
configure:4852: gcc -qversion >&5
gcc: error: unrecognized command line option '-qversion'
gcc: fatal error: no input files
compilation terminated.
configure:4863: $? = 1
configure:4883: checking whether the C compiler works
configure:4905: gcc    conftest.c  >&5
/usr/local/libexec/gcc/x86_64-unknown-linux-gnu/4.8.1/cc1: error while loading shared libraries: libmpc.so.2: cannot open shared object file: No such file or directory
configure:4909: $? = 1
configure:4947: result: no
configure: failed program was:
| /* confdefs.h */
| #define PACKAGE_NAME "ImageMagick"
| #define PACKAGE_TARNAME "ImageMagick"
| #define PACKAGE_VERSION "6.8.9-6"
| #define PACKAGE_STRING "ImageMagick 6.8.9-6"
| #define PACKAGE_BUGREPORT "http://www.imagemagick.org"
| #define PACKAGE_URL ""
| #define MAGICK_TARGET_CPU x86_64
| #define MAGICK_TARGET_VENDOR unknown
| #define MAGICK_TARGET_OS linux-gnu
| #define PACKAGE "ImageMagick"
| #define VERSION "6.8.9-6"
| /* end confdefs.h.  */
| 
| int
| main ()
| {
| 
|   ;
|   return 0;
| }
configure:4952: error: in `/home/ubuntu/workspace/ImageMagick-6.8.9-6':
configure:4954: error: C compiler cannot create executables
See `config.log' for more details

## ---------------- ##
## Cache variables. ##
## ---------------- ##

ac_cv_build=x86_64-unknown-linux-gnu
ac_cv_env_AUTOTRACE_CFLAGS_set=
ac_cv_env_AUTOTRACE_CFLAGS_value=
ac_cv_env_AUTOTRACE_LIBS_set=
ac_cv_env_AUTOTRACE_LIBS_value=
ac_cv_env_CAIRO_SVG_CFLAGS_set=
ac_cv_env_CAIRO_SVG_CFLAGS_value=
ac_cv_env_CAIRO_SVG_LIBS_set=
ac_cv_env_CAIRO_SVG_LIBS_value=
ac_cv_env_CCC_set=
ac_cv_env_CCC_value=
ac_cv_env_CC_set=
ac_cv_env_CC_value=
ac_cv_env_CFLAGS_set=
ac_cv_env_CFLAGS_value=
ac_cv_env_CPPFLAGS_set=
ac_cv_env_CPPFLAGS_value=
ac_cv_env_CPP_set=
ac_cv_env_CPP_value=
ac_cv_env_CXXCPP_set=
ac_cv_env_CXXCPP_value=
ac_cv_env_CXXFLAGS_set=
ac_cv_env_CXXFLAGS_value=
ac_cv_env_CXX_set=
ac_cv_env_CXX_value=
ac_cv_env_FONTCONFIG_CFLAGS_set=
ac_cv_env_FONTCONFIG_CFLAGS_value=
ac_cv_env_FONTCONFIG_LIBS_set=
ac_cv_env_FONTCONFIG_LIBS_value=
ac_cv_env_FREETYPE_CFLAGS_set=
ac_cv_env_FREETYPE_CFLAGS_value=
ac_cv_env_FREETYPE_LIBS_set=
ac_cv_env_FREETYPE_LIBS_value=
ac_cv_env_GVC_CFLAGS_set=
ac_cv_env_GVC_CFLAGS_value=
ac_cv_env_GVC_LIBS_set=
ac_cv_env_GVC_LIBS_value=
ac_cv_env_LDFLAGS_set=
ac_cv_env_LDFLAGS_value=
ac_cv_env_LIBOPENJP2_CFLAGS_set=
ac_cv_env_LIBOPENJP2_CFLAGS_value=
ac_cv_env_LIBOPENJP2_LIBS_set=
ac_cv_env_LIBOPENJP2_LIBS_value=
ac_cv_env_LIBS_set=
ac_cv_env_LIBS_value=
ac_cv_env_LQR_CFLAGS_set=
ac_cv_env_LQR_CFLAGS_value=
ac_cv_env_LQR_LIBS_set=
ac_cv_env_LQR_LIBS_value=
ac_cv_env_LZMA_CFLAGS_set=
ac_cv_env_LZMA_CFLAGS_value=
ac_cv_env_LZMA_LIBS_set=
ac_cv_env_LZMA_LIBS_value=
ac_cv_env_OPENEXR_CFLAGS_set=
ac_cv_env_OPENEXR_CFLAGS_value=
ac_cv_env_OPENEXR_LIBS_set=
ac_cv_env_OPENEXR_LIBS_value=
ac_cv_env_PANGO_CFLAGS_set=
ac_cv_env_PANGO_CFLAGS_value=
ac_cv_env_PANGO_LIBS_set=
ac_cv_env_PANGO_LIBS_value=
ac_cv_env_PKG_CONFIG_set=
ac_cv_env_PKG_CONFIG_value=
ac_cv_env_RSVG_CFLAGS_set=
ac_cv_env_RSVG_CFLAGS_value=
ac_cv_env_RSVG_LIBS_set=
ac_cv_env_RSVG_LIBS_value=
ac_cv_env_XMKMF_set=
ac_cv_env_XMKMF_value=
ac_cv_env_build_alias_set=
ac_cv_env_build_alias_value=
ac_cv_env_host_alias_set=
ac_cv_env_host_alias_value=
ac_cv_env_target_alias_set=
ac_cv_env_target_alias_value=
ac_cv_host=x86_64-unknown-linux-gnu
ac_cv_path_install='/usr/bin/install -c'
ac_cv_path_mkdir=/bin/mkdir
ac_cv_prog_AWK=gawk
ac_cv_prog_ac_ct_CC=gcc
ac_cv_prog_make_make_set=yes
ac_cv_target=x86_64-unknown-linux-gnu
am_cv_make_support_nested_variables=yes

## ----------------- ##
## Output variables. ##
## ----------------- ##

ACLOCAL='${SHELL} /home/ubuntu/workspace/ImageMagick-6.8.9-6/config/missing aclocal-1.14'
AMDEPBACKSLASH='\'
AMDEP_FALSE='#'
AMDEP_TRUE=''
AMTAR='$${TAR-tar}'
AM_BACKSLASH='\'
AM_DEFAULT_V='$(AM_DEFAULT_VERBOSITY)'
AM_DEFAULT_VERBOSITY='0'
AM_V='$(V)'
AR=''
AS=''
AUTOCONF='${SHELL} /home/ubuntu/workspace/ImageMagick-6.8.9-6/config/missing autoconf'
AUTOHEADER='${SHELL} /home/ubuntu/workspace/ImageMagick-6.8.9-6/config/missing autoheader'
AUTOMAKE='${SHELL} /home/ubuntu/workspace/ImageMagick-6.8.9-6/config/missing automake-1.14'
AUTOTRACE_CFLAGS=''
AUTOTRACE_DELEGATE_FALSE=''
AUTOTRACE_DELEGATE_TRUE=''
AUTOTRACE_LIBS=''
AWK='gawk'
AutotraceDecodeDelegate=''
BIN_DIR='/usr/local/bin'
BZIPDelegate=''
BZLIB_DELEGATE_FALSE=''
BZLIB_DELEGATE_TRUE=''
BZLIB_LIBS=''
BlenderDecodeDelegate=''
BrowseDelegate=''
CAIRO_DELEGATE_FALSE=''
CAIRO_DELEGATE_TRUE=''
CAIRO_SVG_CFLAGS=''
CAIRO_SVG_LIBS=''
CC='gcc'
CCDEPMODE=''
CCMALLOCDelegate=''
CFLAGS=''
CL_CFLAGS=''
CL_LIBS=''
CODER_DIRNAME=''
CODER_PATH=''
CONFIGURE_ARGS='./configure '
CONFIGURE_PATH=''
CONFIG_STATUS_DEPENDENCIES='$(top_srcdir)/version.sh'
CPP=''
CPPFLAGS=''
CXX=''
CXXCPP=''
CXXDEPMODE=''
CXXFLAGS=''
CYGPATH_W='echo'
CYGWIN_BUILD_FALSE=''
CYGWIN_BUILD_TRUE=''
CatDelegate=''
ConvertDelegate=''
DATA_DIR='/usr/local/share'
DEFS=''
DEPDIR='.deps'
DIRSEP=':'
DISTCHECK_CONFIG_FLAGS=''
DJVU_DELEGATE_FALSE=''
DJVU_DELEGATE_TRUE=''
DJVU_LIBS=''
DLLTOOL=''
DNGDecodeDelegate=''
DOCDecodeDelegate=''
DOCUMENTATION_PATH=''
DOC_DIR='/usr/local/share/doc'
DPS_DELEGATE_FALSE=''
DPS_DELEGATE_TRUE=''
DPS_LIBS=''
DSYMUTIL=''
DUMPBIN=''
DVIDecodeDelegate=''
DisplayDelegate=''
ECHO_C=''
ECHO_N='-n'
ECHO_T=''
EGREP=''
EXECUTABLE_PATH=''
EXEC_PREFIX_DIR='/usr/local'
EXEEXT=''
EchoDelegate=''
EditorDelegate=''
FFTW_DELEGATE_FALSE=''
FFTW_DELEGATE_TRUE=''
FFTW_LIBS=''
FGREP=''
FILTER_DIRNAME=''
FILTER_PATH=''
FONTCONFIG_CFLAGS=''
FONTCONFIG_DELEGATE_FALSE=''
FONTCONFIG_DELEGATE_TRUE=''
FONTCONFIG_LIBS=''
FPX_DELEGATE_FALSE=''
FPX_DELEGATE_TRUE=''
FPX_LIBS=''
FREETYPE_CFLAGS=''
FREETYPE_DELEGATE_FALSE=''
FREETYPE_DELEGATE_TRUE=''
FREETYPE_LIBS=''
GDI32_LIBS=''
GOMP_LIBS=''
GREP=''
GSAlphaDevice=''
GSCMYKDevice=''
GSColorDevice=''
GSEPSDevice=''
GSMonoDevice=''
GSPDFDevice=''
GSPSDevice=''
GSVersion=''
GS_DELEGATE_FALSE=''
GS_DELEGATE_TRUE=''
GS_LIBS=''
GVCDecodeDelegate=''
GVC_CFLAGS=''
GVC_DELEGATE_FALSE=''
GVC_DELEGATE_TRUE=''
GVC_LIBS=''
GnuplotDecodeDelegate=''
HAVE_LD_VERSION_SCRIPT_FALSE=''
HAVE_LD_VERSION_SCRIPT_TRUE=''
HPGLDecodeDelegate=''
HTMLDecodeDelegate=''
HasUMEM_FALSE=''
HasUMEM_TRUE=''
ILBMDecodeDelegate=''
ILBMEncodeDelegate=''
INCLUDEARCH_DIR=''
INCLUDEARCH_PATH=''
INCLUDE_DIR='/usr/local/include'
INCLUDE_PATH=''
INFO_DIR='/usr/local/share/info'
INSTALL_DATA='${INSTALL} -m 644'
INSTALL_DOC_FALSE=''
INSTALL_DOC_TRUE=''
INSTALL_PROGRAM='${INSTALL}'
INSTALL_SCRIPT='${INSTALL}'
INSTALL_STRIP_PROGRAM='$(install_sh) -c -s'
INT16_T=''
INT32_F=''
INT32_T=''
INT64_F=''
INT64_T=''
INT8_T=''
JBIG_DELEGATE_FALSE=''
JBIG_DELEGATE_TRUE=''
JBIG_LIBS=''
JPEG_DELEGATE_FALSE=''
JPEG_DELEGATE_TRUE=''
JPEG_LIBS=''
JXRDecodeDelegate=''
JXREncodeDelegate=''
LCMS_DELEGATE_FALSE=''
LCMS_DELEGATE_TRUE=''
LCMS_LIBS=''
LD=''
LDFLAGS=''
LFS_CPPFLAGS=''
LIBEXEC_DIR='/usr/local/libexec'
LIBOBJS=''
LIBOPENJP2_CFLAGS=''
LIBOPENJP2_DELEGATE_FALSE=''
LIBOPENJP2_DELEGATE_TRUE=''
LIBOPENJP2_LIBS=''
LIBRARY_EXTRA_CPPFLAGS=''
LIBRARY_PATH=''
LIBS=''
LIBSTDCLDFLAGS=''
LIBTOOL=''
LIBTOOL_DEPS=''
LIB_BIN_BASEDIRNAME=''
LIB_BIN_DIR=''
LIB_BIN_DIR_PATH=''
LIB_BIN_DIR_RELATIVE_PATH=''
LIB_DIR='/usr/local/lib'
LIB_DL=''
LIPO=''
LN_S=''
LOCALSTATE_DIR='/usr/local/var'
LPDelegate=''
LPRDelegate=''
LQR_CFLAGS=''
LQR_DELEGATE_FALSE=''
LQR_DELEGATE_TRUE=''
LQR_LIBS=''
LTLIBOBJS=''
LZMA_CFLAGS=''
LZMA_DELEGATE_FALSE=''
LZMA_DELEGATE_TRUE=''
LZMA_LIBS=''
LaunchDelegate=''
MAGICKCORE_PATH=''
MAGICKPP_LIBRARY_AGE='0'
MAGICKPP_LIBRARY_CURRENT='5'
MAGICKPP_LIBRARY_CURRENT_MIN='5'
MAGICKPP_LIBRARY_REVISION='0'
MAGICKPP_LIBRARY_VERSION_INFO='5:0:0'
MAGICKPP_LIB_VERSION='0x050000'
MAGICKPP_LIB_VERSION_TEXT='6.8.9'
MAGICK_ABI_SUFFIX=''
MAGICK_CFLAGS=''
MAGICK_CODER_MODULE_PATH='/home/ubuntu/workspace/ImageMagick-6.8.9-6/coders'
MAGICK_CONFIGURE_BUILD_PATH='/home/ubuntu/workspace/ImageMagick-6.8.9-6/config'
MAGICK_CONFIGURE_SRC_PATH='/home/ubuntu/workspace/ImageMagick-6.8.9-6/config'
MAGICK_CPPFLAGS=''
MAGICK_CXXFLAGS=''
MAGICK_DELEGATES=''
MAGICK_DEP_LIBS=''
MAGICK_FEATURES=''
MAGICK_FILTER_MODULE_PATH='/home/ubuntu/workspace/ImageMagick-6.8.9-6/filters'
MAGICK_HDRI=''
MAGICK_LDFLAGS=''
MAGICK_LIBRARY_AGE='0'
MAGICK_LIBRARY_CURRENT='2'
MAGICK_LIBRARY_CURRENT_MIN='2'
MAGICK_LIBRARY_REVISION='0'
MAGICK_LIBRARY_VERSION_INFO='2:0:0'
MAGICK_LIBS=''
MAGICK_LIB_VERSION='0x020000'
MAGICK_LIB_VERSION_NUMBER='2,0,0'
MAGICK_LIB_VERSION_TEXT='6.8.9'
MAGICK_LT_RELEASE_OPTS=''
MAGICK_MAJOR_VERSION='6'
MAGICK_MICRO_VERSION='9'
MAGICK_MINOR_VERSION='8'
MAGICK_PATCHLEVEL_VERSION='6'
MAGICK_PCFLAGS=''
MAGICK_SVN_REVISION='Unversioned'
MAGICK_TARGET_CPU='x86_64'
MAGICK_TARGET_OS='linux-gnu'
MAGICK_TARGET_VENDOR='unknown'
MAGICK_VERSION='6.8.9-6'
MAINT=''
MAINTAINER_MODE_FALSE=''
MAINTAINER_MODE_TRUE=''
MAKEINFO='${SHELL} /home/ubuntu/workspace/ImageMagick-6.8.9-6/config/missing makeinfo'
MANDelegate=''
MANIFEST_TOOL=''
MAN_DIR='/usr/local/share/man'
MATH_LIBS=''
MKDIR_P='/bin/mkdir -p'
MODULES_BASEDIRNAME=''
MODULES_DIRNAME=''
MODULES_PATH=''
MODULES_RELATIVE_PATH=''
MODULE_EXTRA_CPPFLAGS=''
MPEGDecodeDelegate=''
MPEGEncodeDelegate=''
MVDelegate=''
MogrifyDelegate=''
MrSIDDecodeDelegate=''
NM=''
NMEDIT=''
OBJDUMP=''
OBJEXT=''
OPENEXR_CFLAGS=''
OPENEXR_DELEGATE_FALSE=''
OPENEXR_DELEGATE_TRUE=''
OPENEXR_LIBS=''
OPENMP_CFLAGS=''
OPENMP_CXXFLAGS=''
OSX_GCOV_LDFLAG=''
OTOOL64=''
OTOOL=''
P7ZIP=''
P7ZIP_DELEGATE_FALSE=''
P7ZIP_DELEGATE_TRUE=''
PACKAGE='ImageMagick'
PACKAGE_BUGREPORT='http://www.imagemagick.org'
PACKAGE_CHANGE_DATE='20140725'
PACKAGE_LIB_VERSION='0x689'
PACKAGE_LIB_VERSION_NUMBER='6,8,9,6'
PACKAGE_NAME='ImageMagick'
PACKAGE_PERL_VERSION='6.89'
PACKAGE_RELEASE='6'
PACKAGE_RELEASE_DATE='2014-07-30'
PACKAGE_STRING='ImageMagick 6.8.9'
PACKAGE_TARNAME='ImageMagick'
PACKAGE_URL=''
PACKAGE_VERSION='6.8.9'
PACKAGE_VERSION_ADDENDUM='-6'
PANGOCAIRO_DELEGATE_FALSE=''
PANGOCAIRO_DELEGATE_TRUE=''
PANGO_CFLAGS=''
PANGO_DELEGATE_FALSE=''
PANGO_DELEGATE_TRUE=''
PANGO_LIBS=''
PATH_SEPARATOR=':'
PCLCMYKDevice=''
PCLColorDevice=''
PCLDelegate=''
PCLMonoDevice=''
PCLVersion=''
PERL=''
PERLMAINCC=''
PERL_MAKE_OPTIONS=''
PERL_SUPPORTS_DESTDIR=''
PERL_VERSION=''
PERSISTINCLUDE_DIR='/usr/include'
PGPDecodeDelegate=''
PKG_CONFIG=''
PNG_DELEGATE_FALSE=''
PNG_DELEGATE_TRUE=''
PNG_LIBS=''
POVDelegate=''
POW_LIB=''
PREFIX_DIR='/usr/local'
PRTDIAG=''
PSDelegate=''
PTHREAD_CC=''
PTHREAD_CFLAGS=''
PTHREAD_LIBS=''
PrintDelegate=''
QUANTUM_DEPTH=''
RANLIB=''
RLEEncodeDelegate=''
RMDelegate=''
RPM=''
RPM_DELEGATE_FALSE=''
RPM_DELEGATE_TRUE=''
RSVGDecodeDelegate=''
RSVG_CFLAGS=''
RSVG_DELEGATE_FALSE=''
RSVG_DELEGATE_TRUE=''
RSVG_LIBS=''
SBIN_DIR='/usr/local/sbin'
SCANDecodeDelegate=''
SED=''
SET_MAKE=''
SHAREARCH_BASEDIRNAME=''
SHAREARCH_DIR=''
SHAREARCH_DIRNAME=''
SHAREARCH_PATH=''
SHAREARCH_RELATIVE_PATH=''
SHAREDSTATE_DIR='/usr/local/com'
SHARE_PATH=''
SHELL='/bin/bash'
STRIP=''
SVGDecodeDelegate=''
SYSCONF_DIR='/usr/local/etc'
ShowImageDelegate=''
TAR=''
THREAD_LIBS=''
TIFF_DELEGATE_FALSE=''
TIFF_DELEGATE_TRUE=''
TIFF_LIBS=''
TXTDelegate=''
UINT16_T=''
UINT32_F=''
UINT32_T=''
UINT64_F=''
UINT64_T=''
UINT8_T=''
UINTMAX_F=''
UINTMAX_T=''
UINTPTR_F=''
UINTPTR_T=''
UMEM_LIBS=''
USING_CL_FALSE=''
USING_CL_TRUE=''
UniconvertorDelegate=''
VERSION='6.8.9-6'
WEBP_DELEGATE_FALSE=''
WEBP_DELEGATE_TRUE=''
WEBP_LIBS=''
WIN32_NATIVE_BUILD_FALSE=''
WIN32_NATIVE_BUILD_TRUE=''
WINGDI32_DELEGATE_FALSE=''
WINGDI32_DELEGATE_TRUE=''
WITH_LTDL_FALSE=''
WITH_LTDL_TRUE=''
WITH_MAGICK_PLUS_PLUS_FALSE=''
WITH_MAGICK_PLUS_PLUS_TRUE=''
WITH_MODULES_FALSE=''
WITH_MODULES_TRUE=''
WITH_PERL_DYNAMIC_FALSE=''
WITH_PERL_DYNAMIC_TRUE=''
WITH_PERL_FALSE=''
WITH_PERL_STATIC_FALSE=''
WITH_PERL_STATIC_TRUE=''
WITH_PERL_TRUE=''
WITH_SHARED_LIBS_FALSE=''
WITH_SHARED_LIBS_TRUE=''
WMFDecodeDelegate=''
WMF_DELEGATE_FALSE=''
WMF_DELEGATE_TRUE=''
WMF_LIBS=''
WMF_LIBS_DEPS=''
WWWDecodeDelegate=''
WebPDecodeDelegate=''
WebPEncodeDelegate=''
WinPathScript=''
X11_DELEGATE_FALSE=''
X11_DELEGATE_TRUE=''
X11_LIBS=''
XEXT_LIBS=''
XMKMF=''
XML_DELEGATE_FALSE=''
XML_DELEGATE_TRUE=''
XML_LIBS=''
XPSCMYKDevice=''
XPSColorDevice=''
XPSDelegate=''
XPSMonoDevice=''
XPSVersion=''
X_CFLAGS=''
X_EXTRA_LIBS=''
X_LIBS=''
X_PRE_LIBS=''
ZIP=''
ZIP_DELEGATE_FALSE=''
ZIP_DELEGATE_TRUE=''
ZLIB_DELEGATE_FALSE=''
ZLIB_DELEGATE_TRUE=''
ZLIB_LIBS=''
ZipDelegate=''
ac_ct_AR=''
ac_ct_CC='gcc'
ac_ct_CXX=''
ac_ct_DUMPBIN=''
am__EXEEXT_FALSE=''
am__EXEEXT_TRUE=''
am__fastdepCC_FALSE=''
am__fastdepCC_TRUE=''
am__fastdepCXX_FALSE=''
am__fastdepCXX_TRUE=''
am__include='include'
am__isrc=''
am__leading_dot='.'
am__nodep='_no'
am__quote=''
am__tar='$${TAR-tar} chof - "$$tardir"'
am__untar='$${TAR-tar} xf -'
ax_pthread_config=''
bindir='${exec_prefix}/bin'
build='x86_64-unknown-linux-gnu'
build_alias=''
build_cpu='x86_64'
build_os='linux-gnu'
build_vendor='unknown'
datadir='${datarootdir}'
datarootdir='${prefix}/share'
dejavu_font_dir=''
docdir='${datarootdir}/doc/${PACKAGE_TARNAME}'
dvidir='${docdir}'
exec_prefix='${prefix}'
ghostscript_font_dir=''
host='x86_64-unknown-linux-gnu'
host_alias=''
host_cpu='x86_64'
host_os='linux-gnu'
host_vendor='unknown'
htmldir='${docdir}'
includedir='${prefix}/include'
infodir='${datarootdir}/info'
install_sh='${SHELL} /home/ubuntu/workspace/ImageMagick-6.8.9-6/config/install-sh'
libdir='${exec_prefix}/lib'
libexecdir='${exec_prefix}/libexec'
localedir='${datarootdir}/locale'
localstatedir='${prefix}/var'
mandir='${datarootdir}/man'
mkdir_p='$(MKDIR_P)'
oldincludedir='/usr/include'
pdfdir='${docdir}'
pkgconfigdir=''
prefix='/usr/local'
program_transform_name='s,x,x,'
psdir='${docdir}'
sbindir='${exec_prefix}/sbin'
sharedstatedir='${prefix}/com'
sysconfdir='${prefix}/etc'
target='x86_64-unknown-linux-gnu'
target_alias=''
target_cpu='x86_64'
target_os='linux-gnu'
target_vendor='unknown'
type_include_files=''
windows_font_dir=''
xml2_config=''

## ----------- ##
## confdefs.h. ##
## ----------- ##

/* confdefs.h */
#define PACKAGE_NAME "ImageMagick"
#define PACKAGE_TARNAME "ImageMagick"
#define PACKAGE_VERSION "6.8.9-6"
#define PACKAGE_STRING "ImageMagick 6.8.9-6"
#define PACKAGE_BUGREPORT "http://www.imagemagick.org"
#define PACKAGE_URL ""
#define MAGICK_TARGET_CPU x86_64
#define MAGICK_TARGET_VENDOR unknown
#define MAGICK_TARGET_OS linux-gnu
#define PACKAGE "ImageMagick"
#define VERSION "6.8.9-6"

configure: exit 77
